Using pre-set license
Built from '2020.3/release' branch; Version is '2020.3.12f1 (b3b2c6512326) revision 11776710'; Using compiler version '192528614'; Build Type 'Release'
OS: 'Windows 10 Home Single Language; OS build 19042.1165; Version 2009; 64bit' Language: 'ru' Physical Memory: 10394 MB
BatchMode: 1, IsHumanControllingUs: 0, StartBugReporterOnCrash: 0, Is64bit: 1, IsPro: 0

 COMMAND LINE ARGUMENTS:
D:\unity\2020.3.12f1\Editor\Unity.exe
-adb2
-batchMode
-noUpm
-name
AssetImportWorker0
-projectPath
D:/Game/Daily rewards/Daily rewards
-logFile
Logs/AssetImportWorker0.log
-srvPort
52422
Successfully changed project path to: D:/Game/Daily rewards/Daily rewards
D:/Game/Daily rewards/Daily rewards
Using Asset Import Pipeline V2.
Refreshing native plugins compatible for Editor in 44.42 ms, found 3 plugins.
Preloading 0 native plugins for Editor in 0.00 ms.
Initialize engine version: 2020.3.12f1 (b3b2c6512326)
[Subsystems] Discovering subsystems at path D:/unity/2020.3.12f1/Editor/Data/Resources/UnitySubsystems
[Subsystems] Discovering subsystems at path D:/Game/Daily rewards/Daily rewards/Assets
GfxDevice: creating device client; threaded=0
Direct3D:
    Version:  Direct3D 11.0 [level 11.1]
    Renderer: NVIDIA GeForce GTX 1050 (ID=0x1c8d)
    Vendor:   
    VRAM:     1979 MB
    Driver:   27.21.14.6589
Initialize mono
Mono path[0] = 'D:/unity/2020.3.12f1/Editor/Data/Managed'
Mono path[1] = 'D:/unity/2020.3.12f1/Editor/Data/MonoBleedingEdge/lib/mono/unityjit'
Mono config path = 'D:/unity/2020.3.12f1/Editor/Data/MonoBleedingEdge/etc'
Using monoOptions --debugger-agent=transport=dt_socket,embedding=1,server=y,suspend=n,address=127.0.0.1:56084
Begin MonoManager ReloadAssembly
Registering precompiled unity dll's ...
Register platform support module: D:/unity/2020.3.12f1/Editor/Data/PlaybackEngines/WindowsStandaloneSupport/UnityEditor.WindowsStandalone.Extensions.dll
Registered in 0.001175 seconds.
Native extension for WindowsStandalone target not found
Refreshing native plugins compatible for Editor in 42.58 ms, found 3 plugins.
Preloading 0 native plugins for Editor in 0.00 ms.
Mono: successfully reloaded assembly
- Completed reload, in  1.968 seconds
Platform modules already initialized, skipping
Registering precompiled user dll's ...
Registered in 0.003804 seconds.
Begin MonoManager ReloadAssembly
Native extension for WindowsStandalone target not found
Refreshing native plugins compatible for Editor in 42.58 ms, found 3 plugins.
Preloading 0 native plugins for Editor in 0.00 ms.
Mono: successfully reloaded assembly
- Completed reload, in  1.236 seconds
Platform modules already initialized, skipping
========================================================================
Worker process is ready to serve import requests
Launched and connected shader compiler UnityShaderCompiler.exe after 0.18 seconds
Refreshing native plugins compatible for Editor in 0.49 ms, found 3 plugins.
Preloading 0 native plugins for Editor in 0.00 ms.
Unloading 2080 Unused Serialized files (Serialized files now loaded: 0)
System memory in use before: 92.8 MB.
System memory in use after: 92.7 MB.

Unloading 33 unused Assets to reduce memory usage. Loaded Objects now: 2513.
Total: 2.551400 ms (FindLiveObjects: 0.213800 ms CreateObjectMapping: 0.083900 ms MarkObjects: 2.123700 ms  DeleteObjects: 0.129000 ms)

AssetImportParameters requested are different than current active one (requested -> active):
  custom:framework-win-MediaFoundation: 216162199b28c13a410421893ffa2e32 -> 
  custom:video-decoder-ogg-theora: a1e56fd34408186e4bbccfd4996cb3dc -> 
  custom:container-muxer-webm: aa71ff27fc2769a1b78a27578f13a17b -> 
  custom:container-demuxer-webm: 4f35f7cbe854078d1ac9338744f61a02 -> 
  custom:container-demuxer-ogg: 62fdf1f143b41e24485cea50d1cbac27 -> 
  custom:video-encoder-webm-vp8: eb34c28f22e8b96e1ab97ce403110664 -> 
  custom:video-decoder-webm-vp8: 9c59270c3fd7afecdb556c50c9e8de78 -> 
  custom:audio-decoder-ogg-vorbis: bf7c407c2cedff20999df2af8eb42d56 -> 
  custom:audio-encoder-webm-vorbis: bf7c407c2cedff20999df2af8eb42d56 -> 
========================================================================
Received Import Request.
  path: Assets/Texture/bg_01_02.png
  artifactKey: Guid(96a376a9bf3da524db3ca9a6c243ef7f) Importer(815301076,1909f56bfc062723c751e8b465ee728b)
Start importing Assets/Texture/bg_01_02.png using Guid(96a376a9bf3da524db3ca9a6c243ef7f) Importer(815301076,1909f56bfc062723c751e8b465ee728b)  -> (artifact id: '4a7e8b9943704d9acdd5560c717ab6e0') in 0.135352 seconds 
  Import took 0.180470 seconds .

========================================================================
Received Import Request.
  Time since last request: 0.000414 seconds.
  path: Assets/Texture/plank_13.png
  artifactKey: Guid(e68a7fcc79649c3459af7b39d88f6a42) Importer(815301076,1909f56bfc062723c751e8b465ee728b)
Start importing Assets/Texture/plank_13.png using Guid(e68a7fcc79649c3459af7b39d88f6a42) Importer(815301076,1909f56bfc062723c751e8b465ee728b)  -> (artifact id: '100a791fe45f2135c1e6dc55928dbfc0') in 0.033816 seconds 
  Import took 0.060961 seconds .

========================================================================
Received Import Request.
  Time since last request: 0.000384 seconds.
  path: Assets/Texture/BG2.png
  artifactKey: Guid(3da8b6857f66e414486bb826e932a358) Importer(815301076,1909f56bfc062723c751e8b465ee728b)
Start importing Assets/Texture/BG2.png using Guid(3da8b6857f66e414486bb826e932a358) Importer(815301076,1909f56bfc062723c751e8b465ee728b)  -> (artifact id: '0ef23fa437ee1ee1d06a7ea9967b7f5c') in 0.027622 seconds 
  Import took 0.031825 seconds .

========================================================================
Received Import Request.
  Time since last request: 0.000363 seconds.
  path: Assets/Texture/BG1.png
  artifactKey: Guid(156da36677bae6948bb4eaff604b140c) Importer(815301076,1909f56bfc062723c751e8b465ee728b)
Start importing Assets/Texture/BG1.png using Guid(156da36677bae6948bb4eaff604b140c) Importer(815301076,1909f56bfc062723c751e8b465ee728b)  -> (artifact id: '61ef3696c81195159878bf2da3c20ee3') in 0.020911 seconds 
  Import took 0.025439 seconds .

========================================================================
Received Prepare
Registering precompiled user dll's ...
Registered in 0.003459 seconds.
Begin MonoManager ReloadAssembly
Native extension for WindowsStandalone target not found
Refreshing native plugins compatible for Editor in 0.49 ms, found 3 plugins.
Preloading 0 native plugins for Editor in 0.00 ms.
Mono: successfully reloaded assembly
- Completed reload, in  1.133 seconds
Platform modules already initialized, skipping
Switching build target platform(19) subTarget(0) extendedPlatform(0) -> platform(13) subTarget(537395200) extendedPlatform(0)
Refreshing native plugins compatible for Editor in 0.91 ms, found 3 plugins.
Preloading 0 native plugins for Editor in 0.00 ms.
Unloading 2079 Unused Serialized files (Serialized files now loaded: 0)
System memory in use before: 92.8 MB.
System memory in use after: 92.8 MB.

Unloading 21 unused Assets to reduce memory usage. Loaded Objects now: 2521.
Total: 2.879500 ms (FindLiveObjects: 0.216100 ms CreateObjectMapping: 0.077400 ms MarkObjects: 2.477400 ms  DeleteObjects: 0.107500 ms)

AssetImportParameters requested are different than current active one (requested -> active):
  custom:framework-win-MediaFoundation: 216162199b28c13a410421893ffa2e32 -> 
  custom:video-decoder-ogg-theora: a1e56fd34408186e4bbccfd4996cb3dc -> 
  custom:container-muxer-webm: aa71ff27fc2769a1b78a27578f13a17b -> 
  custom:container-demuxer-webm: 4f35f7cbe854078d1ac9338744f61a02 -> 
  custom:container-demuxer-ogg: 62fdf1f143b41e24485cea50d1cbac27 -> 
  custom:video-encoder-webm-vp8: eb34c28f22e8b96e1ab97ce403110664 -> 
  custom:video-decoder-webm-vp8: 9c59270c3fd7afecdb556c50c9e8de78 -> 
  custom:graphics/normal-map-encoding: 01000000000000000000000000000000 -> 02000000000000000000000000000000
  custom:audio-decoder-ogg-vorbis: bf7c407c2cedff20999df2af8eb42d56 -> 
  custom:audio-encoder-webm-vorbis: bf7c407c2cedff20999df2af8eb42d56 -> 
========================================================================
Received Prepare
Refreshing native plugins compatible for Editor in 3.54 ms, found 3 plugins.
Preloading 0 native plugins for Editor in 0.00 ms.
Unloading 19 Unused Serialized files (Serialized files now loaded: 0)
System memory in use before: 52.1 MB.
System memory in use after: 52.1 MB.

Unloading 19 unused Assets to reduce memory usage. Loaded Objects now: 2521.
Total: 2.528700 ms (FindLiveObjects: 0.180300 ms CreateObjectMapping: 0.078200 ms MarkObjects: 2.147000 ms  DeleteObjects: 0.121900 ms)

AssetImportParameters requested are different than current active one (requested -> active):
  custom:framework-win-MediaFoundation: 216162199b28c13a410421893ffa2e32 -> 
  custom:video-decoder-ogg-theora: a1e56fd34408186e4bbccfd4996cb3dc -> 
  custom:container-muxer-webm: aa71ff27fc2769a1b78a27578f13a17b -> 
  custom:container-demuxer-webm: 4f35f7cbe854078d1ac9338744f61a02 -> 
  custom:container-demuxer-ogg: 62fdf1f143b41e24485cea50d1cbac27 -> 
  custom:video-encoder-webm-vp8: eb34c28f22e8b96e1ab97ce403110664 -> 
  custom:video-decoder-webm-vp8: 9c59270c3fd7afecdb556c50c9e8de78 -> 
  custom:audio-decoder-ogg-vorbis: bf7c407c2cedff20999df2af8eb42d56 -> 
  custom:audio-encoder-webm-vorbis: bf7c407c2cedff20999df2af8eb42d56 -> 
========================================================================
Received Prepare
Refreshing native plugins compatible for Editor in 3.72 ms, found 3 plugins.
Preloading 0 native plugins for Editor in 0.00 ms.
Unloading 19 Unused Serialized files (Serialized files now loaded: 0)
System memory in use before: 52.1 MB.
System memory in use after: 52.1 MB.

Unloading 19 unused Assets to reduce memory usage. Loaded Objects now: 2521.
Total: 2.539000 ms (FindLiveObjects: 0.185300 ms CreateObjectMapping: 0.093400 ms MarkObjects: 2.152800 ms  DeleteObjects: 0.106600 ms)

AssetImportParameters requested are different than current active one (requested -> active):
  custom:framework-win-MediaFoundation: 216162199b28c13a410421893ffa2e32 -> 
  custom:video-decoder-ogg-theora: a1e56fd34408186e4bbccfd4996cb3dc -> 
  custom:container-muxer-webm: aa71ff27fc2769a1b78a27578f13a17b -> 
  custom:container-demuxer-webm: 4f35f7cbe854078d1ac9338744f61a02 -> 
  custom:container-demuxer-ogg: 62fdf1f143b41e24485cea50d1cbac27 -> 
  custom:video-encoder-webm-vp8: eb34c28f22e8b96e1ab97ce403110664 -> 
  custom:video-decoder-webm-vp8: 9c59270c3fd7afecdb556c50c9e8de78 -> 
  custom:audio-decoder-ogg-vorbis: bf7c407c2cedff20999df2af8eb42d56 -> 
  custom:audio-encoder-webm-vorbis: bf7c407c2cedff20999df2af8eb42d56 -> 
========================================================================
Received Import Request.
  Time since last request: 110.601095 seconds.
  path: Assets/Texture/BG1.png
  artifactKey: Guid(156da36677bae6948bb4eaff604b140c) Importer(815301076,1909f56bfc062723c751e8b465ee728b)
Start importing Assets/Texture/BG1.png using Guid(156da36677bae6948bb4eaff604b140c) Importer(815301076,1909f56bfc062723c751e8b465ee728b)  -> (artifact id: 'fddb7a00ffb2dec8de8d0e4de812486a') in 0.075610 seconds 
  Import took 0.079564 seconds .

========================================================================
Received Import Request.
  Time since last request: 0.000334 seconds.
  path: Assets/Texture/bg_01_02.png
  artifactKey: Guid(96a376a9bf3da524db3ca9a6c243ef7f) Importer(815301076,1909f56bfc062723c751e8b465ee728b)
Start importing Assets/Texture/bg_01_02.png using Guid(96a376a9bf3da524db3ca9a6c243ef7f) Importer(815301076,1909f56bfc062723c751e8b465ee728b)  -> (artifact id: '45ae57cbf9e59d103c924fd33d5e1bc2') in 0.022013 seconds 
  Import took 0.025934 seconds .

========================================================================
Received Import Request.
  Time since last request: 0.000365 seconds.
  path: Assets/Texture/plank_13.png
  artifactKey: Guid(e68a7fcc79649c3459af7b39d88f6a42) Importer(815301076,1909f56bfc062723c751e8b465ee728b)
Start importing Assets/Texture/plank_13.png using Guid(e68a7fcc79649c3459af7b39d88f6a42) Importer(815301076,1909f56bfc062723c751e8b465ee728b)  -> (artifact id: '9339280a39cab2cdcf0efb40f4ea0f77') in 0.010986 seconds 
  Import took 0.014627 seconds .

========================================================================
Received Import Request.
  Time since last request: 0.000325 seconds.
  path: Assets/Texture/BG2.png
  artifactKey: Guid(3da8b6857f66e414486bb826e932a358) Importer(815301076,1909f56bfc062723c751e8b465ee728b)
Start importing Assets/Texture/BG2.png using Guid(3da8b6857f66e414486bb826e932a358) Importer(815301076,1909f56bfc062723c751e8b465ee728b)  -> (artifact id: '385f8cfacfb0432fe699a4560d8e3bf9') in 0.029080 seconds 
  Import took 0.033378 seconds .

========================================================================
Received Prepare
Registering precompiled user dll's ...
Registered in 0.006193 seconds.
Begin MonoManager ReloadAssembly
Native extension for WindowsStandalone target not found
Refreshing native plugins compatible for Editor in 1.43 ms, found 3 plugins.
Preloading 0 native plugins for Editor in 0.00 ms.
Mono: successfully reloaded assembly
- Completed reload, in  1.343 seconds
Platform modules already initialized, skipping
Switching build target platform(19) subTarget(0) extendedPlatform(0) -> platform(13) subTarget(537395200) extendedPlatform(0)
Refreshing native plugins compatible for Editor in 0.56 ms, found 3 plugins.
Preloading 0 native plugins for Editor in 0.00 ms.
Unloading 2114 Unused Serialized files (Serialized files now loaded: 0)
System memory in use before: 94.1 MB.
System memory in use after: 94.1 MB.

Unloading 22 unused Assets to reduce memory usage. Loaded Objects now: 2559.
Total: 2.873700 ms (FindLiveObjects: 0.192500 ms CreateObjectMapping: 0.083000 ms MarkObjects: 2.454700 ms  DeleteObjects: 0.142100 ms)

AssetImportParameters requested are different than current active one (requested -> active):
  custom:framework-win-MediaFoundation: 216162199b28c13a410421893ffa2e32 -> 
  custom:video-decoder-ogg-theora: a1e56fd34408186e4bbccfd4996cb3dc -> 
  custom:container-muxer-webm: aa71ff27fc2769a1b78a27578f13a17b -> 
  custom:container-demuxer-webm: 4f35f7cbe854078d1ac9338744f61a02 -> 
  custom:container-demuxer-ogg: 62fdf1f143b41e24485cea50d1cbac27 -> 
  custom:video-encoder-webm-vp8: eb34c28f22e8b96e1ab97ce403110664 -> 
  custom:video-decoder-webm-vp8: 9c59270c3fd7afecdb556c50c9e8de78 -> 
  custom:graphics/normal-map-encoding: 01000000000000000000000000000000 -> 02000000000000000000000000000000
  custom:audio-decoder-ogg-vorbis: bf7c407c2cedff20999df2af8eb42d56 -> 
  custom:audio-encoder-webm-vorbis: bf7c407c2cedff20999df2af8eb42d56 -> 
========================================================================
Received Prepare
Registering precompiled user dll's ...
Registered in 0.004055 seconds.
Begin MonoManager ReloadAssembly
Native extension for WindowsStandalone target not found
Refreshing native plugins compatible for Editor in 0.50 ms, found 3 plugins.
Preloading 0 native plugins for Editor in 0.00 ms.
Mono: successfully reloaded assembly
- Completed reload, in  1.294 seconds
Platform modules already initialized, skipping
Switching build target platform(19) subTarget(0) extendedPlatform(0) -> platform(13) subTarget(537395200) extendedPlatform(0)
Refreshing native plugins compatible for Editor in 1.27 ms, found 3 plugins.
Preloading 0 native plugins for Editor in 0.00 ms.
Unloading 2114 Unused Serialized files (Serialized files now loaded: 0)
System memory in use before: 94.1 MB.
System memory in use after: 94.1 MB.

Unloading 22 unused Assets to reduce memory usage. Loaded Objects now: 2563.
Total: 3.655000 ms (FindLiveObjects: 0.261800 ms CreateObjectMapping: 0.090700 ms MarkObjects: 3.105800 ms  DeleteObjects: 0.195200 ms)

AssetImportParameters requested are different than current active one (requested -> active):
  custom:framework-win-MediaFoundation: 216162199b28c13a410421893ffa2e32 -> 
  custom:video-decoder-ogg-theora: a1e56fd34408186e4bbccfd4996cb3dc -> 
  custom:container-muxer-webm: aa71ff27fc2769a1b78a27578f13a17b -> 
  custom:container-demuxer-webm: 4f35f7cbe854078d1ac9338744f61a02 -> 
  custom:container-demuxer-ogg: 62fdf1f143b41e24485cea50d1cbac27 -> 
  custom:video-encoder-webm-vp8: eb34c28f22e8b96e1ab97ce403110664 -> 
  custom:video-decoder-webm-vp8: 9c59270c3fd7afecdb556c50c9e8de78 -> 
  custom:graphics/normal-map-encoding: 01000000000000000000000000000000 -> 02000000000000000000000000000000
  custom:audio-decoder-ogg-vorbis: bf7c407c2cedff20999df2af8eb42d56 -> 
  custom:audio-encoder-webm-vorbis: bf7c407c2cedff20999df2af8eb42d56 -> 
========================================================================
Received Import Request.
  Time since last request: 150.460746 seconds.
  path: Assets/LeanTween/ReadMe.txt
  artifactKey: Guid(f1e0da947b69648fdb1884d602088d92) Importer(815301076,1909f56bfc062723c751e8b465ee728b)
Start importing Assets/LeanTween/ReadMe.txt using Guid(f1e0da947b69648fdb1884d602088d92) Importer(815301076,1909f56bfc062723c751e8b465ee728b)  -> (artifact id: '81497e575b515c969b8f0edc2e8b058a') in 0.037969 seconds 
  Import took 0.043607 seconds .

========================================================================
Received Import Request.
  Time since last request: 40.383619 seconds.
  path: Assets/LeanTween/Documentation
  artifactKey: Guid(6737b2aaab0f546e39693df5f551dfc8) Importer(815301076,1909f56bfc062723c751e8b465ee728b)
Start importing Assets/LeanTween/Documentation using Guid(6737b2aaab0f546e39693df5f551dfc8) Importer(815301076,1909f56bfc062723c751e8b465ee728b)  -> (artifact id: '4888d8dfcd933ab428b3e5f079bac560') in 0.005826 seconds 
  Import took 0.010407 seconds .

========================================================================
Received Import Request.
  Time since last request: 0.039516 seconds.
  path: Assets/LeanTween/Documentation
  artifactKey: Guid(6737b2aaab0f546e39693df5f551dfc8) Importer(815301076,1909f56bfc062723c751e8b465ee728b)
Start importing Assets/LeanTween/Documentation using Guid(6737b2aaab0f546e39693df5f551dfc8) Importer(815301076,1909f56bfc062723c751e8b465ee728b)  -> (artifact id: '4888d8dfcd933ab428b3e5f079bac560') in 0.001863 seconds 
  Import took 0.006173 seconds .

========================================================================
Received Import Request.
  Time since last request: 1.201437 seconds.
  path: Assets/LeanTween/Documentation/classes
  artifactKey: Guid(d4bb1e3d3bec8431a82cb033f38b4ceb) Importer(815301076,1909f56bfc062723c751e8b465ee728b)
Start importing Assets/LeanTween/Documentation/classes using Guid(d4bb1e3d3bec8431a82cb033f38b4ceb) Importer(815301076,1909f56bfc062723c751e8b465ee728b)  -> (artifact id: '1f9cf837132e78af50bf30d0a7aa5260') in 0.007994 seconds 
  Import took 0.011502 seconds .

========================================================================
Received Import Request.
  Time since last request: 7.949560 seconds.
  path: Assets/LeanTween/Examples/Prefabs
  artifactKey: Guid(e27dc266d79d248949ea519da436426c) Importer(815301076,1909f56bfc062723c751e8b465ee728b)
Start importing Assets/LeanTween/Examples/Prefabs using Guid(e27dc266d79d248949ea519da436426c) Importer(815301076,1909f56bfc062723c751e8b465ee728b)  -> (artifact id: 'e5b47c4d2ccaa1342750634d95113a80') in 0.009665 seconds 
  Import took 0.013847 seconds .

========================================================================
Received Import Request.
  Time since last request: 0.045213 seconds.
  path: Assets/LeanTween/Examples/Prefabs/Avatar2dParticles.prefab
  artifactKey: Guid(d50011a464d5f44ccbfefb117020e5cb) Importer(815301076,1909f56bfc062723c751e8b465ee728b)
Start importing Assets/LeanTween/Examples/Prefabs/Avatar2dParticles.prefab using Guid(d50011a464d5f44ccbfefb117020e5cb) Importer(815301076,1909f56bfc062723c751e8b465ee728b)  -> (artifact id: '72c9f372e2b7757f1c0ec978abb2ccd7') in 0.030044 seconds 
  Import took 0.033593 seconds .

========================================================================
Received Import Request.
  Time since last request: 0.000292 seconds.
  path: Assets/LeanTween/Examples/Prefabs/EndlessPiece.prefab
  artifactKey: Guid(9c73e0cec0a374576a4b47fbb49921d5) Importer(815301076,1909f56bfc062723c751e8b465ee728b)
Start importing Assets/LeanTween/Examples/Prefabs/EndlessPiece.prefab using Guid(9c73e0cec0a374576a4b47fbb49921d5) Importer(815301076,1909f56bfc062723c751e8b465ee728b)  -> (artifact id: '8fa6b59b914f97896bb1b7a15c121d94') in 0.475545 seconds 
  Import took 0.479050 seconds .

========================================================================
Received Import Request.
  Time since last request: 0.000343 seconds.
  path: Assets/LeanTween/Examples/Prefabs/Grids.prefab
  artifactKey: Guid(6a9d822b319924ae7a120c7f2ba0b067) Importer(815301076,1909f56bfc062723c751e8b465ee728b)
Start importing Assets/LeanTween/Examples/Prefabs/Grids.prefab using Guid(6a9d822b319924ae7a120c7f2ba0b067) Importer(815301076,1909f56bfc062723c751e8b465ee728b)  -> (artifact id: '3af6bba014542dcd8f0ec3fbd9413f6d') in 0.128387 seconds 
  Import took 0.132170 seconds .

========================================================================
Received Import Request.
  Time since last request: 0.000260 seconds.
  path: Assets/LeanTween/Examples/Prefabs/AvatarDiffuse 1.prefab
  artifactKey: Guid(672fd62036f744e79b75297e492c996e) Importer(815301076,1909f56bfc062723c751e8b465ee728b)
Start importing Assets/LeanTween/Examples/Prefabs/AvatarDiffuse 1.prefab using Guid(672fd62036f744e79b75297e492c996e) Importer(815301076,1909f56bfc062723c751e8b465ee728b)  -> (artifact id: 'fb4d661b7d9fd33880ded6f601435337') in 0.014563 seconds 
  Import took 0.018489 seconds .

========================================================================
Received Import Request.
  Time since last request: 0.000369 seconds.
  path: Assets/LeanTween/Examples/Prefabs/AvatarSparkles.prefab
  artifactKey: Guid(7b796b489cc4c447c91c00d4136b0e54) Importer(815301076,1909f56bfc062723c751e8b465ee728b)
Start importing Assets/LeanTween/Examples/Prefabs/AvatarSparkles.prefab using Guid(7b796b489cc4c447c91c00d4136b0e54) Importer(815301076,1909f56bfc062723c751e8b465ee728b)  -> (artifact id: '458d8c8f37fe0d3576ad8e67060f89ce') in 0.098733 seconds 
  Import took 0.102647 seconds .

========================================================================
Received Import Request.
  Time since last request: 0.000387 seconds.
  path: Assets/LeanTween/Examples/Prefabs/AvatarSpace.prefab
  artifactKey: Guid(e02878730c48147bb9fc414aabee207b) Importer(815301076,1909f56bfc062723c751e8b465ee728b)
Start importing Assets/LeanTween/Examples/Prefabs/AvatarSpace.prefab using Guid(e02878730c48147bb9fc414aabee207b) Importer(815301076,1909f56bfc062723c751e8b465ee728b)  -> (artifact id: '6cf9e141e84caaa998bfbaac24172467') in 0.209677 seconds 
  Import took 0.213357 seconds .

========================================================================
Received Import Request.
  Time since last request: 0.000290 seconds.
  path: Assets/LeanTween/Examples/Prefabs/AvatarEventsCS.prefab
  artifactKey: Guid(3c9c5d81a80e84e90af37f2113c12b2d) Importer(815301076,1909f56bfc062723c751e8b465ee728b)
Start importing Assets/LeanTween/Examples/Prefabs/AvatarEventsCS.prefab using Guid(3c9c5d81a80e84e90af37f2113c12b2d) Importer(815301076,1909f56bfc062723c751e8b465ee728b)  -> (artifact id: '9f35d4dd0ff8e68415916dc3af6a1384') in 0.016426 seconds 
  Import took 0.020109 seconds .

========================================================================
Received Import Request.
  Time since last request: 0.000710 seconds.
  path: Assets/LeanTween/Examples/Prefabs/AvatarDiffuse.prefab
  artifactKey: Guid(992f36b41308f41f1bc39908c2c27dda) Importer(815301076,1909f56bfc062723c751e8b465ee728b)
Start importing Assets/LeanTween/Examples/Prefabs/AvatarDiffuse.prefab using Guid(992f36b41308f41f1bc39908c2c27dda) Importer(815301076,1909f56bfc062723c751e8b465ee728b)  -> (artifact id: 'b7db59246eb340bdcef566975570f3b4') in 0.014659 seconds 
  Import took 0.019803 seconds .

========================================================================
Received Import Request.
  Time since last request: 0.000299 seconds.
  path: Assets/LeanTween/Examples/Prefabs/DustCloud.prefab
  artifactKey: Guid(3a6e1cb160a414c6cbe7d27b34d381a1) Importer(815301076,1909f56bfc062723c751e8b465ee728b)
Start importing Assets/LeanTween/Examples/Prefabs/DustCloud.prefab using Guid(3a6e1cb160a414c6cbe7d27b34d381a1) Importer(815301076,1909f56bfc062723c751e8b465ee728b)  -> (artifact id: 'b70323e60fb632f351918f764fef8688') in 0.118452 seconds 
  Import took 0.122674 seconds .

========================================================================
Received Import Request.
  Time since last request: 0.000317 seconds.
  path: Assets/LeanTween/Examples/Prefabs/GridLine.prefab
  artifactKey: Guid(0d9158a373e64481db63423af851bdc9) Importer(815301076,1909f56bfc062723c751e8b465ee728b)
Start importing Assets/LeanTween/Examples/Prefabs/GridLine.prefab using Guid(0d9158a373e64481db63423af851bdc9) Importer(815301076,1909f56bfc062723c751e8b465ee728b)  -> (artifact id: 'dd9c9cfe1c685d041f7b1652cca39676') in 0.011524 seconds 
  Import took 0.014860 seconds .

========================================================================
Received Import Request.
  Time since last request: 0.000277 seconds.
  path: Assets/LeanTween/Examples/Prefabs/AvatarAlpha.prefab
  artifactKey: Guid(6f033a1cc164a48d99c0ccbd9425d153) Importer(815301076,1909f56bfc062723c751e8b465ee728b)
Start importing Assets/LeanTween/Examples/Prefabs/AvatarAlpha.prefab using Guid(6f033a1cc164a48d99c0ccbd9425d153) Importer(815301076,1909f56bfc062723c751e8b465ee728b)  -> (artifact id: 'e9b4ee5dbd2d96d2fe082a435d87272f') in 0.115141 seconds 
  Import took 0.118981 seconds .

========================================================================
Received Import Request.
  Time since last request: 0.000349 seconds.
  path: Assets/LeanTween/Examples/Prefabs/BasicExamplesText.prefab
  artifactKey: Guid(0b4ce6f9ebfb948a58b5b05397daaaea) Importer(815301076,1909f56bfc062723c751e8b465ee728b)
Start importing Assets/LeanTween/Examples/Prefabs/BasicExamplesText.prefab using Guid(0b4ce6f9ebfb948a58b5b05397daaaea) Importer(815301076,1909f56bfc062723c751e8b465ee728b)  -> (artifact id: '11462d0fbb204659aaf461c40a1121a5') in 0.015105 seconds 
  Import took 0.018601 seconds .

========================================================================
Received Import Request.
  Time since last request: 0.014954 seconds.
  path: Assets/LeanTween/Examples/Prefabs/AvatarAlpha.prefab
  artifactKey: Guid(6f033a1cc164a48d99c0ccbd9425d153) Importer(815301076,1909f56bfc062723c751e8b465ee728b)
Start importing Assets/LeanTween/Examples/Prefabs/AvatarAlpha.prefab using Guid(6f033a1cc164a48d99c0ccbd9425d153) Importer(815301076,1909f56bfc062723c751e8b465ee728b)  -> (artifact id: 'e9b4ee5dbd2d96d2fe082a435d87272f') in 0.018741 seconds 
  Import took 0.025842 seconds .

========================================================================
Received Import Request.
  Time since last request: 0.353452 seconds.
  path: Assets/LeanTween/Examples/Material/TrailFollowMaterial.mat
  artifactKey: Guid(ff16fb4a90fe84bec9c8f29698aa0eed) Importer(815301076,1909f56bfc062723c751e8b465ee728b)
Start importing Assets/LeanTween/Examples/Material/TrailFollowMaterial.mat using Guid(ff16fb4a90fe84bec9c8f29698aa0eed) Importer(815301076,1909f56bfc062723c751e8b465ee728b)  -> (artifact id: '16a206675cd65d672ce261bb5fb2e766') in 0.178669 seconds 
  Import took 0.182187 seconds .

========================================================================
Received Prepare
Registering precompiled user dll's ...
Registered in 0.004663 seconds.
Begin MonoManager ReloadAssembly
Native extension for WindowsStandalone target not found
Refreshing native plugins compatible for Editor in 0.60 ms, found 3 plugins.
Preloading 0 native plugins for Editor in 0.00 ms.
Mono: successfully reloaded assembly
- Completed reload, in  1.334 seconds
Platform modules already initialized, skipping
Switching build target platform(19) subTarget(0) extendedPlatform(0) -> platform(13) subTarget(537395200) extendedPlatform(0)
Refreshing native plugins compatible for Editor in 0.50 ms, found 3 plugins.
Preloading 0 native plugins for Editor in 0.00 ms.
Unloading 2114 Unused Serialized files (Serialized files now loaded: 0)
System memory in use before: 98.4 MB.
System memory in use after: 98.4 MB.

Unloading 23 unused Assets to reduce memory usage. Loaded Objects now: 2613.
Total: 2.699100 ms (FindLiveObjects: 0.254700 ms CreateObjectMapping: 0.101800 ms MarkObjects: 2.207600 ms  DeleteObjects: 0.133800 ms)

AssetImportParameters requested are different than current active one (requested -> active):
  custom:framework-win-MediaFoundation: 216162199b28c13a410421893ffa2e32 -> 
  custom:video-decoder-ogg-theora: a1e56fd34408186e4bbccfd4996cb3dc -> 
  custom:container-muxer-webm: aa71ff27fc2769a1b78a27578f13a17b -> 
  custom:container-demuxer-webm: 4f35f7cbe854078d1ac9338744f61a02 -> 
  custom:container-demuxer-ogg: 62fdf1f143b41e24485cea50d1cbac27 -> 
  custom:video-encoder-webm-vp8: eb34c28f22e8b96e1ab97ce403110664 -> 
  custom:video-decoder-webm-vp8: 9c59270c3fd7afecdb556c50c9e8de78 -> 
  custom:graphics/normal-map-encoding: 01000000000000000000000000000000 -> 02000000000000000000000000000000
  custom:audio-decoder-ogg-vorbis: bf7c407c2cedff20999df2af8eb42d56 -> 
  custom:audio-encoder-webm-vorbis: bf7c407c2cedff20999df2af8eb42d56 -> 
========================================================================
Received Import Request.
  Time since last request: 41.992682 seconds.
  path: Assets/LeanTween/Examples/Material
  artifactKey: Guid(3a8596587ab4843d2ad8706c4d9c173b) Importer(815301076,1909f56bfc062723c751e8b465ee728b)
Start importing Assets/LeanTween/Examples/Material using Guid(3a8596587ab4843d2ad8706c4d9c173b) Importer(815301076,1909f56bfc062723c751e8b465ee728b)  -> (artifact id: 'c16d20572c4c5129303e5094c689021a') in 0.012630 seconds 
  Import took 0.016518 seconds .

========================================================================
Received Import Request.
  Time since last request: 0.043966 seconds.
  path: Assets/LeanTween/Examples/Material/AlphaReadyMaterial.mat
  artifactKey: Guid(61731bf38a6fa4d66b536bc03fc8eb3f) Importer(815301076,1909f56bfc062723c751e8b465ee728b)
Start importing Assets/LeanTween/Examples/Material/AlphaReadyMaterial.mat using Guid(61731bf38a6fa4d66b536bc03fc8eb3f) Importer(815301076,1909f56bfc062723c751e8b465ee728b)  -> (artifact id: '34c1e9dbc9e5d8422434eadaacf6d946') in 0.073373 seconds 
  Import took 0.077661 seconds .

========================================================================
Received Import Request.
  Time since last request: 0.000271 seconds.
  path: Assets/LeanTween/Examples/Material/AlphBumps.mat
  artifactKey: Guid(12c720f1dd5674502bc1185ff99b70f9) Importer(815301076,1909f56bfc062723c751e8b465ee728b)
Start importing Assets/LeanTween/Examples/Material/AlphBumps.mat using Guid(12c720f1dd5674502bc1185ff99b70f9) Importer(815301076,1909f56bfc062723c751e8b465ee728b)  -> (artifact id: 'e226e78da6293c4fb21abbaf14f653dc') in 0.125207 seconds 
  Import took 0.128581 seconds .

========================================================================
Received Import Request.
  Time since last request: 0.000282 seconds.
  path: Assets/LeanTween/Examples/Material/TrackLines.mat
  artifactKey: Guid(54538213a935248b8ac1ce7b42140cad) Importer(815301076,1909f56bfc062723c751e8b465ee728b)
Start importing Assets/LeanTween/Examples/Material/TrackLines.mat using Guid(54538213a935248b8ac1ce7b42140cad) Importer(815301076,1909f56bfc062723c751e8b465ee728b)  -> (artifact id: '0ea049ee708854ca9d4b3cda6c27a6f8') in 0.045846 seconds 
  Import took 0.049388 seconds .

========================================================================
Received Import Request.
  Time since last request: 0.000355 seconds.
  path: Assets/LeanTween/Examples/Material/TrackGlowMaterial.mat
  artifactKey: Guid(f99cee49392444d14b5e8c16cd41348d) Importer(815301076,1909f56bfc062723c751e8b465ee728b)
Start importing Assets/LeanTween/Examples/Material/TrackGlowMaterial.mat using Guid(f99cee49392444d14b5e8c16cd41348d) Importer(815301076,1909f56bfc062723c751e8b465ee728b)  -> (artifact id: 'fc18e3d21151909246bf21c6f5002c0d') in 0.049992 seconds 
  Import took 0.054521 seconds .

========================================================================
Received Import Request.
  Time since last request: 0.000268 seconds.
  path: Assets/LeanTween/Examples/Material/Futoro_SineWave.mat
  artifactKey: Guid(d2eed51ebc4ee4089986bb1639255f0e) Importer(815301076,1909f56bfc062723c751e8b465ee728b)
Start importing Assets/LeanTween/Examples/Material/Futoro_SineWave.mat using Guid(d2eed51ebc4ee4089986bb1639255f0e) Importer(815301076,1909f56bfc062723c751e8b465ee728b)  -> (artifact id: 'd6b339253ffafd47a1416ac1e8407097') in 0.053106 seconds 
  Import took 0.056551 seconds .

========================================================================
Received Import Request.
  Time since last request: 0.000278 seconds.
  path: Assets/LeanTween/Examples/Material/Futuro_WindowBack.psd
  artifactKey: Guid(678c92572cc724845a460c87117f5353) Importer(815301076,1909f56bfc062723c751e8b465ee728b)
Start importing Assets/LeanTween/Examples/Material/Futuro_WindowBack.psd using Guid(678c92572cc724845a460c87117f5353) Importer(815301076,1909f56bfc062723c751e8b465ee728b)  -> (artifact id: 'eb8db650ae5b335d291383e2410f2786') in 0.109054 seconds 
  Import took 0.112433 seconds .

========================================================================
Received Import Request.
  Time since last request: 0.000258 seconds.
  path: Assets/LeanTween/Examples/Material/Futuro_ButtonBack.psd
  artifactKey: Guid(b3abce7efa3854a4cb1dd6b47f553027) Importer(815301076,1909f56bfc062723c751e8b465ee728b)
Start importing Assets/LeanTween/Examples/Material/Futuro_ButtonBack.psd using Guid(b3abce7efa3854a4cb1dd6b47f553027) Importer(815301076,1909f56bfc062723c751e8b465ee728b)  -> (artifact id: 'f6f2cc98bcd930c77e64297d58a875af') in 0.016124 seconds 
  Import took 0.020713 seconds .

========================================================================
Received Import Request.
  Time since last request: 0.000336 seconds.
  path: Assets/LeanTween/Examples/Material/Futoro_PlanetMaterial.mat
  artifactKey: Guid(6b98784ec692b4e00a86fa1044ad8998) Importer(815301076,1909f56bfc062723c751e8b465ee728b)
Start importing Assets/LeanTween/Examples/Material/Futoro_PlanetMaterial.mat using Guid(6b98784ec692b4e00a86fa1044ad8998) Importer(815301076,1909f56bfc062723c751e8b465ee728b)  -> (artifact id: 'fa1bc0ad90ba2bd523f667f52a1fcc07') in 0.123448 seconds 
  Import took 0.148951 seconds .

========================================================================
Received Import Request.
  Time since last request: 0.000297 seconds.
  path: Assets/LeanTween/Examples/Material/Futoro_Ring.psd
  artifactKey: Guid(ef31bc3f46d6047b29ff513e55daf05b) Importer(815301076,1909f56bfc062723c751e8b465ee728b)
Start importing Assets/LeanTween/Examples/Material/Futoro_Ring.psd using Guid(ef31bc3f46d6047b29ff513e55daf05b) Importer(815301076,1909f56bfc062723c751e8b465ee728b)  -> (artifact id: '8f350b6ca8d8f466fe6c3de155ec8740') in 0.019345 seconds 
  Import took 0.023687 seconds .

========================================================================
Received Import Request.
  Time since last request: 0.000360 seconds.
  path: Assets/LeanTween/Examples/Material/LineGlowMaterial.mat
  artifactKey: Guid(658f4eba50cce41098da6ed347d8d270) Importer(815301076,1909f56bfc062723c751e8b465ee728b)
Start importing Assets/LeanTween/Examples/Material/LineGlowMaterial.mat using Guid(658f4eba50cce41098da6ed347d8d270) Importer(815301076,1909f56bfc062723c751e8b465ee728b)  -> (artifact id: '11cb1a0453311213127d2eee1333b07b') in 0.099150 seconds 
  Import took 0.102754 seconds .

========================================================================
Received Import Request.
  Time since last request: 0.000281 seconds.
  path: Assets/LeanTween/Examples/Material/SpaceLineGlowMaterial.mat
  artifactKey: Guid(4d170a8aa584240f4b18ce6a5e58ef2e) Importer(815301076,1909f56bfc062723c751e8b465ee728b)
Start importing Assets/LeanTween/Examples/Material/SpaceLineGlowMaterial.mat using Guid(4d170a8aa584240f4b18ce6a5e58ef2e) Importer(815301076,1909f56bfc062723c751e8b465ee728b)  -> (artifact id: '46e84f37957b49f3ce25fb4294494bc2') in 0.040219 seconds 
  Import took 0.043700 seconds .

========================================================================
Received Import Request.
  Time since last request: 0.000275 seconds.
  path: Assets/LeanTween/Examples/Material/TrackFollowMaterial.mat
  artifactKey: Guid(9efbdb862990242178d5b47a40b48e80) Importer(815301076,1909f56bfc062723c751e8b465ee728b)
Start importing Assets/LeanTween/Examples/Material/TrackFollowMaterial.mat using Guid(9efbdb862990242178d5b47a40b48e80) Importer(815301076,1909f56bfc062723c751e8b465ee728b)  -> (artifact id: '70bbb1c436f2f60f25301ed2b14cccc6') in 0.013957 seconds 
  Import took 0.018948 seconds .

========================================================================
Received Import Request.
  Time since last request: 0.000343 seconds.
  path: Assets/LeanTween/Examples/Material/Futoro_PersonSprites.jpg
  artifactKey: Guid(cea2c9bf87b0c4dfdafb697a3ff00959) Importer(815301076,1909f56bfc062723c751e8b465ee728b)
Start importing Assets/LeanTween/Examples/Material/Futoro_PersonSprites.jpg using Guid(cea2c9bf87b0c4dfdafb697a3ff00959) Importer(815301076,1909f56bfc062723c751e8b465ee728b)  -> (artifact id: '03a63c1e1127f380f48ef242908a9413') in 0.040726 seconds 
  Import took 0.045181 seconds .

========================================================================
Received Import Request.
  Time since last request: 0.000237 seconds.
  path: Assets/LeanTween/Examples/Material/Futuro_Bar.psd
  artifactKey: Guid(492b9988436bd45049a9a6bc52ac8fb0) Importer(815301076,1909f56bfc062723c751e8b465ee728b)
Start importing Assets/LeanTween/Examples/Material/Futuro_Bar.psd using Guid(492b9988436bd45049a9a6bc52ac8fb0) Importer(815301076,1909f56bfc062723c751e8b465ee728b)  -> (artifact id: '2feffbf04684ee1ded65e57a5a6066b7') in 0.014150 seconds 
  Import took 0.019113 seconds .

========================================================================
Received Import Request.
  Time since last request: 0.000521 seconds.
  path: Assets/LeanTween/Examples/Material/Graph.mat
  artifactKey: Guid(a8a5e544bfa0d416892e87b12e93911b) Importer(815301076,1909f56bfc062723c751e8b465ee728b)
Start importing Assets/LeanTween/Examples/Material/Graph.mat using Guid(a8a5e544bfa0d416892e87b12e93911b) Importer(815301076,1909f56bfc062723c751e8b465ee728b)  -> (artifact id: 'cc2c2b77e396790df8bb31fbde4aa823') in 0.016174 seconds 
  Import took 0.020515 seconds .

========================================================================
Received Import Request.
  Time since last request: 0.000275 seconds.
  path: Assets/LeanTween/Examples/Material/TrackCar.mat
  artifactKey: Guid(3e55a11a05aa141af9f3be5e921cc003) Importer(815301076,1909f56bfc062723c751e8b465ee728b)
Start importing Assets/LeanTween/Examples/Material/TrackCar.mat using Guid(3e55a11a05aa141af9f3be5e921cc003) Importer(815301076,1909f56bfc062723c751e8b465ee728b)  -> (artifact id: '19cb8d360ccc5a237dc54b64e93f87d1') in 0.016120 seconds 
  Import took 0.020372 seconds .

========================================================================
Received Import Request.
  Time since last request: 0.000283 seconds.
  path: Assets/LeanTween/Examples/Material/DirectionalArrowMaterial.mat
  artifactKey: Guid(79809b4fc57ad41b982c1dd5ceb812b2) Importer(815301076,1909f56bfc062723c751e8b465ee728b)
Start importing Assets/LeanTween/Examples/Material/DirectionalArrowMaterial.mat using Guid(79809b4fc57ad41b982c1dd5ceb812b2) Importer(815301076,1909f56bfc062723c751e8b465ee728b)  -> (artifact id: '614a05fce0f83a0cd9389f34dc5d2ece') in 0.015275 seconds 
  Import took 0.019746 seconds .

========================================================================
Received Import Request.
  Time since last request: 0.000282 seconds.
  path: Assets/LeanTween/Examples/Material/ParticleGlow.mat
  artifactKey: Guid(8de91330a48c540279c3bc6e3aff2b4d) Importer(815301076,1909f56bfc062723c751e8b465ee728b)
Start importing Assets/LeanTween/Examples/Material/ParticleGlow.mat using Guid(8de91330a48c540279c3bc6e3aff2b4d) Importer(815301076,1909f56bfc062723c751e8b465ee728b)  -> (artifact id: '4464624fcb9bf02807a242c8702b056d') in 0.044229 seconds 
  Import took 0.047845 seconds .

========================================================================
Received Import Request.
  Time since last request: 0.000278 seconds.
  path: Assets/LeanTween/Examples/Material/PointMark.mat
  artifactKey: Guid(e77db49bc9fb6499290655245ce9bc95) Importer(815301076,1909f56bfc062723c751e8b465ee728b)
Start importing Assets/LeanTween/Examples/Material/PointMark.mat using Guid(e77db49bc9fb6499290655245ce9bc95) Importer(815301076,1909f56bfc062723c751e8b465ee728b)  -> (artifact id: '757664dc9567379c6314f536d9dc5532') in 0.014440 seconds 
  Import took 0.017837 seconds .

========================================================================
Received Import Request.
  Time since last request: 0.000275 seconds.
  path: Assets/LeanTween/Examples/Material/WalkingStick.mat
  artifactKey: Guid(3285d6d0bc506494b8fecba4d7aada26) Importer(815301076,1909f56bfc062723c751e8b465ee728b)
Start importing Assets/LeanTween/Examples/Material/WalkingStick.mat using Guid(3285d6d0bc506494b8fecba4d7aada26) Importer(815301076,1909f56bfc062723c751e8b465ee728b)  -> (artifact id: 'c72c9dfab45709f8a11ea37cbc5bd281') in 0.013865 seconds 
  Import took 0.018363 seconds .

========================================================================
Received Import Request.
  Time since last request: 0.000363 seconds.
  path: Assets/LeanTween/Examples/Material/Futuro_ButtonBackDark.psd
  artifactKey: Guid(b8aaa707027cc4f79af3439c5dbc9652) Importer(815301076,1909f56bfc062723c751e8b465ee728b)
Start importing Assets/LeanTween/Examples/Material/Futuro_ButtonBackDark.psd using Guid(b8aaa707027cc4f79af3439c5dbc9652) Importer(815301076,1909f56bfc062723c751e8b465ee728b)  -> (artifact id: 'b2748103c161894f9031c392b6a106f3') in 0.013988 seconds 
  Import took 0.019463 seconds .

========================================================================
Received Import Request.
  Time since last request: 0.000410 seconds.
  path: Assets/LeanTween/Examples/Material/Mock2d.mat
  artifactKey: Guid(ab11516f0780f4d438844432fc7e8070) Importer(815301076,1909f56bfc062723c751e8b465ee728b)
Start importing Assets/LeanTween/Examples/Material/Mock2d.mat using Guid(ab11516f0780f4d438844432fc7e8070) Importer(815301076,1909f56bfc062723c751e8b465ee728b)  -> (artifact id: 'c36342655c1e110f72171d947087b92e') in 0.017292 seconds 
  Import took 0.021723 seconds .

========================================================================
Received Import Request.
  Time since last request: 0.000286 seconds.
  path: Assets/LeanTween/Examples/Material/Ground.mat
  artifactKey: Guid(c6784005974824c55b2b59b5bda24153) Importer(815301076,1909f56bfc062723c751e8b465ee728b)
Start importing Assets/LeanTween/Examples/Material/Ground.mat using Guid(c6784005974824c55b2b59b5bda24153) Importer(815301076,1909f56bfc062723c751e8b465ee728b)  -> (artifact id: '64c9e89c6a6c2f9288968c3f60fc15d9') in 0.014129 seconds 
  Import took 0.019131 seconds .

========================================================================
Received Import Request.
  Time since last request: 0.000317 seconds.
  path: Assets/LeanTween/Examples/Material/GridLines.mat
  artifactKey: Guid(9a06e258e3bf640e885048b32fdf51b7) Importer(815301076,1909f56bfc062723c751e8b465ee728b)
Start importing Assets/LeanTween/Examples/Material/GridLines.mat using Guid(9a06e258e3bf640e885048b32fdf51b7) Importer(815301076,1909f56bfc062723c751e8b465ee728b)  -> (artifact id: '17e287f204b4304078bee3c6e02ea231') in 0.066695 seconds 
  Import took 0.070715 seconds .

========================================================================
Received Import Request.
  Time since last request: 0.000274 seconds.
  path: Assets/LeanTween/Examples/Material/FrictionLess.physicMaterial
  artifactKey: Guid(1560575207a7b4f27bcd4ab2aeb2e3a1) Importer(815301076,1909f56bfc062723c751e8b465ee728b)
Start importing Assets/LeanTween/Examples/Material/FrictionLess.physicMaterial using Guid(1560575207a7b4f27bcd4ab2aeb2e3a1) Importer(815301076,1909f56bfc062723c751e8b465ee728b)  -> (artifact id: 'b3f2313a6d1f705500f7a0c48d2d1b89') in 0.008361 seconds 
  Import took 0.012257 seconds .

========================================================================
Received Import Request.
  Time since last request: 0.000329 seconds.
  path: Assets/LeanTween/Examples/Material/Futuro_SineWave.psd
  artifactKey: Guid(d835741a3c4a14a0aa5f7536c46456c4) Importer(815301076,1909f56bfc062723c751e8b465ee728b)
Start importing Assets/LeanTween/Examples/Material/Futuro_SineWave.psd using Guid(d835741a3c4a14a0aa5f7536c46456c4) Importer(815301076,1909f56bfc062723c751e8b465ee728b)  -> (artifact id: 'da992a4e03fa17891adda6e82b4f998a') in 0.014417 seconds 
  Import took 0.018692 seconds .

========================================================================
Received Import Request.
  Time since last request: 4.781760 seconds.
  path: Assets/LeanTween/Examples/Models
  artifactKey: Guid(59b55a9208dd7467b964ad4ead1ef272) Importer(815301076,1909f56bfc062723c751e8b465ee728b)
Start importing Assets/LeanTween/Examples/Models using Guid(59b55a9208dd7467b964ad4ead1ef272) Importer(815301076,1909f56bfc062723c751e8b465ee728b)  -> (artifact id: '0de383e3cd49bb14dd96ffbd7cfbffb8') in 0.007920 seconds 
  Import took 0.012670 seconds .

========================================================================
Received Import Request.
  Time since last request: 0.093041 seconds.
  path: Assets/LeanTween/Examples/Models/2dText.fbx
  artifactKey: Guid(c0f35ff1d23074af5bcd82d9caa31ebe) Importer(815301076,1909f56bfc062723c751e8b465ee728b)
Start importing Assets/LeanTween/Examples/Models/2dText.fbx using Guid(c0f35ff1d23074af5bcd82d9caa31ebe) Importer(815301076,1909f56bfc062723c751e8b465ee728b)  -> (artifact id: '2766e8252a162efff141b51d3105589b') in 0.264508 seconds 
  Import took 0.268505 seconds .

========================================================================
Received Import Request.
  Time since last request: 0.000324 seconds.
  path: Assets/LeanTween/Examples/Models/LeanTween.prefab
  artifactKey: Guid(f6cb897ad03b148b0b891659e4337604) Importer(815301076,1909f56bfc062723c751e8b465ee728b)
Start importing Assets/LeanTween/Examples/Models/LeanTween.prefab using Guid(f6cb897ad03b148b0b891659e4337604) Importer(815301076,1909f56bfc062723c751e8b465ee728b)  -> (artifact id: '0419484b1bf31b0832b5d80fd779b9f5') in 0.020622 seconds 
  Import took 0.024293 seconds .

========================================================================
Received Import Request.
  Time since last request: 0.000449 seconds.
  path: Assets/LeanTween/Examples/Models/LeanTweenHD-Icon.fbx
  artifactKey: Guid(7d6f6aee277594029851a7cc81d550d5) Importer(815301076,1909f56bfc062723c751e8b465ee728b)
Start importing Assets/LeanTween/Examples/Models/LeanTweenHD-Icon.fbx using Guid(7d6f6aee277594029851a7cc81d550d5) Importer(815301076,1909f56bfc062723c751e8b465ee728b)  -> (artifact id: '42d4cdda4a1d37859599300188e522a6') in 0.045073 seconds 
  Import took 0.050252 seconds .

========================================================================
Received Import Request.
  Time since last request: 0.000362 seconds.
  path: Assets/LeanTween/Examples/Models/SimpleAvatarPieces.fbx
  artifactKey: Guid(f9f32fdb4bc7744849a33427aedb8702) Importer(815301076,1909f56bfc062723c751e8b465ee728b)
Start importing Assets/LeanTween/Examples/Models/SimpleAvatarPieces.fbx using Guid(f9f32fdb4bc7744849a33427aedb8702) Importer(815301076,1909f56bfc062723c751e8b465ee728b)  -> (artifact id: '711ad68e4c66618a4909713dc220b62f') in 0.386709 seconds 
  Import took 0.391101 seconds .

========================================================================
Received Import Request.
  Time since last request: 0.000311 seconds.
  path: Assets/LeanTween/Examples/Models/AdvancedExamplesText.fbx
  artifactKey: Guid(47a7c1f40f5df413fbc8bf1c01c011a2) Importer(815301076,1909f56bfc062723c751e8b465ee728b)
Start importing Assets/LeanTween/Examples/Models/AdvancedExamplesText.fbx using Guid(47a7c1f40f5df413fbc8bf1c01c011a2) Importer(815301076,1909f56bfc062723c751e8b465ee728b)  -> (artifact id: '95e3c72ac1cda79eb516eb7f0e3efd28') in 0.055708 seconds 
  Import took 0.059693 seconds .

========================================================================
Received Import Request.
  Time since last request: 0.000295 seconds.
  path: Assets/LeanTween/Examples/Models/CurvePathsText.fbx
  artifactKey: Guid(9256e250ab62647109679d3cbbaf6f04) Importer(815301076,1909f56bfc062723c751e8b465ee728b)
Start importing Assets/LeanTween/Examples/Models/CurvePathsText.fbx using Guid(9256e250ab62647109679d3cbbaf6f04) Importer(815301076,1909f56bfc062723c751e8b465ee728b)  -> (artifact id: 'b3190388fb01bc0cd4279efa398b4d87') in 0.019253 seconds 
  Import took 0.064729 seconds .

========================================================================
Received Import Request.
  Time since last request: 0.000351 seconds.
  path: Assets/LeanTween/Examples/Models/LeanTween-Icon.fbx
  artifactKey: Guid(6fc4240da91ab4747a411a8313faed53) Importer(815301076,1909f56bfc062723c751e8b465ee728b)
Start importing Assets/LeanTween/Examples/Models/LeanTween-Icon.fbx using Guid(6fc4240da91ab4747a411a8313faed53) Importer(815301076,1909f56bfc062723c751e8b465ee728b)  -> (artifact id: '61416e17ce892643d1973368e928bc98') in 0.039849 seconds 
  Import took 0.043429 seconds .

========================================================================
Received Import Request.
  Time since last request: 0.000349 seconds.
  path: Assets/LeanTween/Examples/Models/EndlessDrivingText.fbx
  artifactKey: Guid(6311d891eea1c406c941c23f9dfa5265) Importer(815301076,1909f56bfc062723c751e8b465ee728b)
Start importing Assets/LeanTween/Examples/Models/EndlessDrivingText.fbx using Guid(6311d891eea1c406c941c23f9dfa5265) Importer(815301076,1909f56bfc062723c751e8b465ee728b)  -> (artifact id: '7e5253d7ca2ab250ade46e9c6893acce') in 0.023177 seconds 
  Import took 0.027089 seconds .

========================================================================
Received Import Request.
  Time since last request: 0.000342 seconds.
  path: Assets/LeanTween/Examples/Models/CameraShakeText.fbx
  artifactKey: Guid(f4d8d07c107904cdfb54156450f020f3) Importer(815301076,1909f56bfc062723c751e8b465ee728b)
Start importing Assets/LeanTween/Examples/Models/CameraShakeText.fbx using Guid(f4d8d07c107904cdfb54156450f020f3) Importer(815301076,1909f56bfc062723c751e8b465ee728b)  -> (artifact id: '9f49c952a33392563f2885d65acf2ebf') in 0.021183 seconds 
  Import took 0.025529 seconds .

========================================================================
Received Import Request.
  Time since last request: 0.000485 seconds.
  path: Assets/LeanTween/Examples/Models/SimpleAvatar.fbx
  artifactKey: Guid(c8c942998fe7e4845bed23e105bd031f) Importer(815301076,1909f56bfc062723c751e8b465ee728b)
Start importing Assets/LeanTween/Examples/Models/SimpleAvatar.fbx using Guid(c8c942998fe7e4845bed23e105bd031f) Importer(815301076,1909f56bfc062723c751e8b465ee728b)  -> (artifact id: '30dbdb5078e5069f40f5f23822d1d406') in 0.024718 seconds 
  Import took 0.029656 seconds .

========================================================================
Received Import Request.
  Time since last request: 0.000286 seconds.
  path: Assets/LeanTween/Examples/Models/DirectionalArrow.fbx
  artifactKey: Guid(d47ae0396110840289d47476d8289fbf) Importer(815301076,1909f56bfc062723c751e8b465ee728b)
Start importing Assets/LeanTween/Examples/Models/DirectionalArrow.fbx using Guid(d47ae0396110840289d47476d8289fbf) Importer(815301076,1909f56bfc062723c751e8b465ee728b)  -> (artifact id: '997284850879f4f1b72274a4a42b796d') in 0.043672 seconds 
  Import took 0.047881 seconds .

========================================================================
Received Import Request.
  Time since last request: 0.000338 seconds.
  path: Assets/LeanTween/Examples/Models/ExampleFirTree.fbx
  artifactKey: Guid(26daae648a43e4db88d0a47a293d545c) Importer(815301076,1909f56bfc062723c751e8b465ee728b)
Start importing Assets/LeanTween/Examples/Models/ExampleFirTree.fbx using Guid(26daae648a43e4db88d0a47a293d545c) Importer(815301076,1909f56bfc062723c751e8b465ee728b)  -> (artifact id: 'e343aec77c602403ecee0113f162ee2e') in 0.025113 seconds 
  Import took 0.029244 seconds .

========================================================================
Received Import Request.
  Time since last request: 0.000255 seconds.
  path: Assets/LeanTween/Examples/Models/Grid.fbx
  artifactKey: Guid(cf8dd6c08e9ac4507bbbd1468b530d48) Importer(815301076,1909f56bfc062723c751e8b465ee728b)
Start importing Assets/LeanTween/Examples/Models/Grid.fbx using Guid(cf8dd6c08e9ac4507bbbd1468b530d48) Importer(815301076,1909f56bfc062723c751e8b465ee728b)  -> (artifact id: '348e2a513efd15bb249cdb76ef212b67') in 0.018439 seconds 
  Import took 0.023036 seconds .

========================================================================
Received Import Request.
  Time since last request: 0.000298 seconds.
  path: Assets/LeanTween/Examples/Models/BasicExamplesText.fbx
  artifactKey: Guid(803bfbdea65eb4ebe96e481875403860) Importer(815301076,1909f56bfc062723c751e8b465ee728b)
Start importing Assets/LeanTween/Examples/Models/BasicExamplesText.fbx using Guid(803bfbdea65eb4ebe96e481875403860) Importer(815301076,1909f56bfc062723c751e8b465ee728b)  -> (artifact id: '3fd55626d4887d4928515fcb7ba48b91') in 0.055831 seconds 
  Import took 0.059731 seconds .

========================================================================
Received Import Request.
  Time since last request: 0.000259 seconds.
  path: Assets/LeanTween/Examples/Models/ExampleCar.fbx
  artifactKey: Guid(00046df2e01964c4cbb764131f0c85e1) Importer(815301076,1909f56bfc062723c751e8b465ee728b)
Start importing Assets/LeanTween/Examples/Models/ExampleCar.fbx using Guid(00046df2e01964c4cbb764131f0c85e1) Importer(815301076,1909f56bfc062723c751e8b465ee728b)  -> (artifact id: '15658260475ddb960fed7a8a15a7f54f') in 0.017432 seconds 
  Import took 0.020933 seconds .

========================================================================
Received Import Request.
  Time since last request: 8.531507 seconds.
  path: Assets/LeanTween/Examples/Scenes
  artifactKey: Guid(91c0707acdbf242e19dc1de4ada750e5) Importer(815301076,1909f56bfc062723c751e8b465ee728b)
Start importing Assets/LeanTween/Examples/Scenes using Guid(91c0707acdbf242e19dc1de4ada750e5) Importer(815301076,1909f56bfc062723c751e8b465ee728b)  -> (artifact id: 'dca1e9f9fa293221c330f724ca9b6a03') in 0.007472 seconds 
  Import took 0.012318 seconds .

========================================================================
Received Import Request.
  Time since last request: 1.915733 seconds.
  path: Assets/LeanTween/Examples/Scenes/Following.unity
  artifactKey: Guid(ae5e9d334639a484786a9badbf5b387a) Importer(815301076,1909f56bfc062723c751e8b465ee728b)
Start importing Assets/LeanTween/Examples/Scenes/Following.unity using Guid(ae5e9d334639a484786a9badbf5b387a) Importer(815301076,1909f56bfc062723c751e8b465ee728b)  -> (artifact id: 'fa58f8adbeeabc852d24dbc9c1282b07') in 0.007859 seconds 
  Import took 0.011757 seconds .

========================================================================
Received Prepare
Registering precompiled user dll's ...
Registered in 0.003486 seconds.
Begin MonoManager ReloadAssembly
Native extension for WindowsStandalone target not found
Refreshing native plugins compatible for Editor in 0.48 ms, found 3 plugins.
Preloading 0 native plugins for Editor in 0.00 ms.
Mono: successfully reloaded assembly
- Completed reload, in  1.382 seconds
Platform modules already initialized, skipping
Switching build target platform(19) subTarget(0) extendedPlatform(0) -> platform(13) subTarget(537395200) extendedPlatform(0)
Refreshing native plugins compatible for Editor in 0.47 ms, found 3 plugins.
Preloading 0 native plugins for Editor in 0.00 ms.
Unloading 2114 Unused Serialized files (Serialized files now loaded: 0)
System memory in use before: 99.8 MB.
System memory in use after: 99.8 MB.

Unloading 23 unused Assets to reduce memory usage. Loaded Objects now: 2634.
Total: 2.809900 ms (FindLiveObjects: 0.231100 ms CreateObjectMapping: 0.077700 ms MarkObjects: 2.373600 ms  DeleteObjects: 0.126700 ms)

AssetImportParameters requested are different than current active one (requested -> active):
  custom:framework-win-MediaFoundation: 216162199b28c13a410421893ffa2e32 -> 
  custom:video-decoder-ogg-theora: a1e56fd34408186e4bbccfd4996cb3dc -> 
  custom:container-muxer-webm: aa71ff27fc2769a1b78a27578f13a17b -> 
  custom:container-demuxer-webm: 4f35f7cbe854078d1ac9338744f61a02 -> 
  custom:container-demuxer-ogg: 62fdf1f143b41e24485cea50d1cbac27 -> 
  custom:video-encoder-webm-vp8: eb34c28f22e8b96e1ab97ce403110664 -> 
  custom:video-decoder-webm-vp8: 9c59270c3fd7afecdb556c50c9e8de78 -> 
  custom:graphics/normal-map-encoding: 01000000000000000000000000000000 -> 02000000000000000000000000000000
  custom:audio-decoder-ogg-vorbis: bf7c407c2cedff20999df2af8eb42d56 -> 
  custom:audio-encoder-webm-vorbis: bf7c407c2cedff20999df2af8eb42d56 -> 
========================================================================
Received Import Request.
  Time since last request: 26.247787 seconds.
  path: Assets/LeanTween/Examples/Scenes/GeneralAdvancedTechniques.unity
  artifactKey: Guid(ed31b9589883b4d19a6bc0f50d57edec) Importer(815301076,1909f56bfc062723c751e8b465ee728b)
Start importing Assets/LeanTween/Examples/Scenes/GeneralAdvancedTechniques.unity using Guid(ed31b9589883b4d19a6bc0f50d57edec) Importer(815301076,1909f56bfc062723c751e8b465ee728b)  -> (artifact id: '5fd759f9d66d72ccf87eac66ee3824fd') in 0.019917 seconds 
  Import took 0.024306 seconds .

========================================================================
Received Prepare
Registering precompiled user dll's ...
Registered in 0.004909 seconds.
Begin MonoManager ReloadAssembly
Native extension for WindowsStandalone target not found
Refreshing native plugins compatible for Editor in 0.48 ms, found 3 plugins.
Preloading 0 native plugins for Editor in 0.00 ms.
Mono: successfully reloaded assembly
- Completed reload, in  1.168 seconds
Platform modules already initialized, skipping
Switching build target platform(19) subTarget(0) extendedPlatform(0) -> platform(13) subTarget(537395200) extendedPlatform(0)
Refreshing native plugins compatible for Editor in 0.49 ms, found 3 plugins.
Preloading 0 native plugins for Editor in 0.00 ms.
Unloading 2114 Unused Serialized files (Serialized files now loaded: 0)
System memory in use before: 99.8 MB.
System memory in use after: 99.8 MB.

Unloading 22 unused Assets to reduce memory usage. Loaded Objects now: 2638.
Total: 2.897900 ms (FindLiveObjects: 0.229100 ms CreateObjectMapping: 0.079600 ms MarkObjects: 2.460400 ms  DeleteObjects: 0.127800 ms)

AssetImportParameters requested are different than current active one (requested -> active):
  custom:framework-win-MediaFoundation: 216162199b28c13a410421893ffa2e32 -> 
  custom:video-decoder-ogg-theora: a1e56fd34408186e4bbccfd4996cb3dc -> 
  custom:container-muxer-webm: aa71ff27fc2769a1b78a27578f13a17b -> 
  custom:container-demuxer-webm: 4f35f7cbe854078d1ac9338744f61a02 -> 
  custom:container-demuxer-ogg: 62fdf1f143b41e24485cea50d1cbac27 -> 
  custom:video-encoder-webm-vp8: eb34c28f22e8b96e1ab97ce403110664 -> 
  custom:video-decoder-webm-vp8: 9c59270c3fd7afecdb556c50c9e8de78 -> 
  custom:graphics/normal-map-encoding: 01000000000000000000000000000000 -> 02000000000000000000000000000000
  custom:audio-decoder-ogg-vorbis: bf7c407c2cedff20999df2af8eb42d56 -> 
  custom:audio-encoder-webm-vorbis: bf7c407c2cedff20999df2af8eb42d56 -> 
========================================================================
Received Import Request.
  Time since last request: 34.003708 seconds.
  path: Assets/LeanTween/Examples/Scenes/GeneralBasics2d.unity
  artifactKey: Guid(db7afcf97d5f646b9986f7e84ca1ac68) Importer(815301076,1909f56bfc062723c751e8b465ee728b)
Start importing Assets/LeanTween/Examples/Scenes/GeneralBasics2d.unity using Guid(db7afcf97d5f646b9986f7e84ca1ac68) Importer(815301076,1909f56bfc062723c751e8b465ee728b)  -> (artifact id: '8d0035b5794aac3d8848050819d6bc5f') in 0.018367 seconds 
  Import took 0.022115 seconds .

========================================================================
Received Prepare
Registering precompiled user dll's ...
Registered in 0.003488 seconds.
Begin MonoManager ReloadAssembly
Native extension for WindowsStandalone target not found
Refreshing native plugins compatible for Editor in 0.48 ms, found 3 plugins.
Preloading 0 native plugins for Editor in 0.00 ms.
Mono: successfully reloaded assembly
- Completed reload, in  1.200 seconds
Platform modules already initialized, skipping
Switching build target platform(19) subTarget(0) extendedPlatform(0) -> platform(13) subTarget(537395200) extendedPlatform(0)
Refreshing native plugins compatible for Editor in 0.50 ms, found 3 plugins.
Preloading 0 native plugins for Editor in 0.00 ms.
Unloading 2114 Unused Serialized files (Serialized files now loaded: 0)
System memory in use before: 99.8 MB.
System memory in use after: 99.8 MB.

Unloading 22 unused Assets to reduce memory usage. Loaded Objects now: 2642.
Total: 2.676000 ms (FindLiveObjects: 0.231600 ms CreateObjectMapping: 0.088400 ms MarkObjects: 2.220200 ms  DeleteObjects: 0.134400 ms)

AssetImportParameters requested are different than current active one (requested -> active):
  custom:framework-win-MediaFoundation: 216162199b28c13a410421893ffa2e32 -> 
  custom:video-decoder-ogg-theora: a1e56fd34408186e4bbccfd4996cb3dc -> 
  custom:container-muxer-webm: aa71ff27fc2769a1b78a27578f13a17b -> 
  custom:container-demuxer-webm: 4f35f7cbe854078d1ac9338744f61a02 -> 
  custom:container-demuxer-ogg: 62fdf1f143b41e24485cea50d1cbac27 -> 
  custom:video-encoder-webm-vp8: eb34c28f22e8b96e1ab97ce403110664 -> 
  custom:video-decoder-webm-vp8: 9c59270c3fd7afecdb556c50c9e8de78 -> 
  custom:graphics/normal-map-encoding: 01000000000000000000000000000000 -> 02000000000000000000000000000000
  custom:audio-decoder-ogg-vorbis: bf7c407c2cedff20999df2af8eb42d56 -> 
  custom:audio-encoder-webm-vorbis: bf7c407c2cedff20999df2af8eb42d56 -> 
========================================================================
Received Prepare
Registering precompiled user dll's ...
Registered in 0.005366 seconds.
Begin MonoManager ReloadAssembly
Native extension for WindowsStandalone target not found
Refreshing native plugins compatible for Editor in 0.51 ms, found 3 plugins.
Preloading 0 native plugins for Editor in 0.00 ms.
Mono: successfully reloaded assembly
- Completed reload, in  1.137 seconds
Platform modules already initialized, skipping
Switching build target platform(19) subTarget(0) extendedPlatform(0) -> platform(13) subTarget(537395200) extendedPlatform(0)
Refreshing native plugins compatible for Editor in 0.49 ms, found 3 plugins.
Preloading 0 native plugins for Editor in 0.00 ms.
Unloading 2114 Unused Serialized files (Serialized files now loaded: 0)
System memory in use before: 99.8 MB.
System memory in use after: 99.8 MB.

Unloading 22 unused Assets to reduce memory usage. Loaded Objects now: 2646.
Total: 2.931800 ms (FindLiveObjects: 0.219500 ms CreateObjectMapping: 0.075800 ms MarkObjects: 2.513500 ms  DeleteObjects: 0.121900 ms)

AssetImportParameters requested are different than current active one (requested -> active):
  custom:framework-win-MediaFoundation: 216162199b28c13a410421893ffa2e32 -> 
  custom:video-decoder-ogg-theora: a1e56fd34408186e4bbccfd4996cb3dc -> 
  custom:container-muxer-webm: aa71ff27fc2769a1b78a27578f13a17b -> 
  custom:container-demuxer-webm: 4f35f7cbe854078d1ac9338744f61a02 -> 
  custom:container-demuxer-ogg: 62fdf1f143b41e24485cea50d1cbac27 -> 
  custom:video-encoder-webm-vp8: eb34c28f22e8b96e1ab97ce403110664 -> 
  custom:video-decoder-webm-vp8: 9c59270c3fd7afecdb556c50c9e8de78 -> 
  custom:graphics/normal-map-encoding: 01000000000000000000000000000000 -> 02000000000000000000000000000000
  custom:audio-decoder-ogg-vorbis: bf7c407c2cedff20999df2af8eb42d56 -> 
  custom:audio-encoder-webm-vorbis: bf7c407c2cedff20999df2af8eb42d56 -> 
========================================================================
Received Import Request.
  Time since last request: 79.022409 seconds.
  path: Assets/Scenes/SampleScene.unity
  artifactKey: Guid(2cda990e2423bbf4892e6590ba056729) Importer(815301076,1909f56bfc062723c751e8b465ee728b)
Start importing Assets/Scenes/SampleScene.unity using Guid(2cda990e2423bbf4892e6590ba056729) Importer(815301076,1909f56bfc062723c751e8b465ee728b)  -> (artifact id: '249e5adf2e27544c166ac91c39e379cb') in 0.018422 seconds 
  Import took 0.022945 seconds .

========================================================================
Received Import Request.
  Time since last request: 89.534629 seconds.
  path: Assets/Texture/BG1.png
  artifactKey: Guid(156da36677bae6948bb4eaff604b140c) Importer(815301076,1909f56bfc062723c751e8b465ee728b)
Start importing Assets/Texture/BG1.png using Guid(156da36677bae6948bb4eaff604b140c) Importer(815301076,1909f56bfc062723c751e8b465ee728b)  -> (artifact id: '4c99c36d271839a03e285da308e82fbb') in 0.070427 seconds 
  Import took 0.074533 seconds .

========================================================================
Received Import Request.
  Time since last request: 8.344631 seconds.
  path: Assets/Texture/BG2.png
  artifactKey: Guid(3da8b6857f66e414486bb826e932a358) Importer(815301076,1909f56bfc062723c751e8b465ee728b)
Start importing Assets/Texture/BG2.png using Guid(3da8b6857f66e414486bb826e932a358) Importer(815301076,1909f56bfc062723c751e8b465ee728b)  -> (artifact id: '50441f5930bef70a6818bd82e5a47c73') in 0.037926 seconds 
  Import took 0.041908 seconds .

========================================================================
Received Import Request.
  Time since last request: 6.231052 seconds.
  path: Assets/Texture/bg_01_02.png
  artifactKey: Guid(96a376a9bf3da524db3ca9a6c243ef7f) Importer(815301076,1909f56bfc062723c751e8b465ee728b)
Start importing Assets/Texture/bg_01_02.png using Guid(96a376a9bf3da524db3ca9a6c243ef7f) Importer(815301076,1909f56bfc062723c751e8b465ee728b)  -> (artifact id: 'a891278b586d0f942753809d19028054') in 0.024988 seconds 
  Import took 0.029558 seconds .

========================================================================
Received Import Request.
  Time since last request: 5.672664 seconds.
  path: Assets/Texture/plank_13.png
  artifactKey: Guid(e68a7fcc79649c3459af7b39d88f6a42) Importer(815301076,1909f56bfc062723c751e8b465ee728b)
Start importing Assets/Texture/plank_13.png using Guid(e68a7fcc79649c3459af7b39d88f6a42) Importer(815301076,1909f56bfc062723c751e8b465ee728b)  -> (artifact id: 'ca88ad2026b4e4f44897f7601da34ed2') in 0.017112 seconds 
  Import took 0.022514 seconds .

========================================================================
Received Import Request.
  Time since last request: 0.001095 seconds.
  path: Assets/Texture/plank_13.png
  artifactKey: Guid(e68a7fcc79649c3459af7b39d88f6a42) Importer(815301076,1909f56bfc062723c751e8b465ee728b)
Start importing Assets/Texture/plank_13.png using Guid(e68a7fcc79649c3459af7b39d88f6a42) Importer(815301076,1909f56bfc062723c751e8b465ee728b)  -> (artifact id: 'ca88ad2026b4e4f44897f7601da34ed2') in 0.018264 seconds 
  Import took 0.022924 seconds .

========================================================================
Received Prepare
Registering precompiled user dll's ...
Registered in 0.003771 seconds.
Begin MonoManager ReloadAssembly
Native extension for WindowsStandalone target not found
Refreshing native plugins compatible for Editor in 0.48 ms, found 3 plugins.
Preloading 0 native plugins for Editor in 0.00 ms.
Mono: successfully reloaded assembly
- Completed reload, in  1.133 seconds
Platform modules already initialized, skipping
Switching build target platform(19) subTarget(0) extendedPlatform(0) -> platform(13) subTarget(537395200) extendedPlatform(0)
Refreshing native plugins compatible for Editor in 0.48 ms, found 3 plugins.
Preloading 0 native plugins for Editor in 0.00 ms.
Unloading 2114 Unused Serialized files (Serialized files now loaded: 0)
System memory in use before: 100.1 MB.
System memory in use after: 100.0 MB.

Unloading 22 unused Assets to reduce memory usage. Loaded Objects now: 2655.
Total: 2.443300 ms (FindLiveObjects: 0.199500 ms CreateObjectMapping: 0.082100 ms MarkObjects: 2.039900 ms  DeleteObjects: 0.120400 ms)

AssetImportParameters requested are different than current active one (requested -> active):
  custom:framework-win-MediaFoundation: 216162199b28c13a410421893ffa2e32 -> 
  custom:video-decoder-ogg-theora: a1e56fd34408186e4bbccfd4996cb3dc -> 
  custom:container-muxer-webm: aa71ff27fc2769a1b78a27578f13a17b -> 
  custom:container-demuxer-webm: 4f35f7cbe854078d1ac9338744f61a02 -> 
  custom:container-demuxer-ogg: 62fdf1f143b41e24485cea50d1cbac27 -> 
  custom:video-encoder-webm-vp8: eb34c28f22e8b96e1ab97ce403110664 -> 
  custom:video-decoder-webm-vp8: 9c59270c3fd7afecdb556c50c9e8de78 -> 
  custom:graphics/normal-map-encoding: 01000000000000000000000000000000 -> 02000000000000000000000000000000
  custom:audio-decoder-ogg-vorbis: bf7c407c2cedff20999df2af8eb42d56 -> 
  custom:audio-encoder-webm-vorbis: bf7c407c2cedff20999df2af8eb42d56 -> 
========================================================================
Received Import Request.
  Time since last request: 246.737593 seconds.
  path: Assets/LeanTween/Framework
  artifactKey: Guid(a3f23ec8eb7c24f0bbb1d41bf96c154f) Importer(815301076,1909f56bfc062723c751e8b465ee728b)
Start importing Assets/LeanTween/Framework using Guid(a3f23ec8eb7c24f0bbb1d41bf96c154f) Importer(815301076,1909f56bfc062723c751e8b465ee728b)  -> (artifact id: '86452c00763701844c3f3ad2daaf450b') in 0.010226 seconds 
  Import took 0.014445 seconds .

========================================================================
Received Import Request.
  Time since last request: 149.402021 seconds.
  path: Assets/Texture/title.png
  artifactKey: Guid(8f690a92c9d805241a99511b3b2be951) Importer(815301076,1909f56bfc062723c751e8b465ee728b)
Start importing Assets/Texture/title.png using Guid(8f690a92c9d805241a99511b3b2be951) Importer(815301076,1909f56bfc062723c751e8b465ee728b)  -> (artifact id: '3afe1040f522c360d56aeecc346d8b68') in 0.060335 seconds 
  Import took 0.064457 seconds .

========================================================================
Received Import Request.
  Time since last request: 310.409705 seconds.
  path: Assets/Texture
  artifactKey: Guid(385c21030370610418bd5caeeeeadd40) Importer(815301076,1909f56bfc062723c751e8b465ee728b)
Start importing Assets/Texture using Guid(385c21030370610418bd5caeeeeadd40) Importer(815301076,1909f56bfc062723c751e8b465ee728b)  -> (artifact id: '8a23845bc67b43fe337b1245a41490ce') in 0.007738 seconds 
  Import took 0.353679 seconds .

========================================================================
Received Import Request.
  Time since last request: 6.955819 seconds.
  path: Assets/Texture/Item
  artifactKey: Guid(95539d31e4470084a8456e4a4f4b6dae) Importer(815301076,1909f56bfc062723c751e8b465ee728b)
Start importing Assets/Texture/Item using Guid(95539d31e4470084a8456e4a4f4b6dae) Importer(815301076,1909f56bfc062723c751e8b465ee728b)  -> (artifact id: 'bb4847ebcd49b9910891b41f2faeb30e') in 0.007333 seconds 
  Import took 0.011843 seconds .

========================================================================
Received Import Request.
  Time since last request: 0.001203 seconds.
  path: Assets/Texture/Item
  artifactKey: Guid(95539d31e4470084a8456e4a4f4b6dae) Importer(815301076,1909f56bfc062723c751e8b465ee728b)
Start importing Assets/Texture/Item using Guid(95539d31e4470084a8456e4a4f4b6dae) Importer(815301076,1909f56bfc062723c751e8b465ee728b)  -> (artifact id: 'bb4847ebcd49b9910891b41f2faeb30e') in 0.001700 seconds 
  Import took 0.006687 seconds .

========================================================================
Received Import Request.
  Time since last request: 28.526013 seconds.
  path: Assets/Texture/02_t.png
  artifactKey: Guid(7ab519b3ad5039f4fa517a39a7c69e04) Importer(815301076,1909f56bfc062723c751e8b465ee728b)
Start importing Assets/Texture/02_t.png using Guid(7ab519b3ad5039f4fa517a39a7c69e04) Importer(815301076,1909f56bfc062723c751e8b465ee728b)  -> (artifact id: '118d279d96f878963bb1d5f61d51d7ad') in 0.020420 seconds 
  Import took 0.024364 seconds .

========================================================================
Received Import Request.
  Time since last request: 25.288499 seconds.
  path: Assets/Texture/52_t.png
  artifactKey: Guid(69e207dff22ad454ead6a85c4f1eda73) Importer(815301076,1909f56bfc062723c751e8b465ee728b)
Start importing Assets/Texture/52_t.png using Guid(69e207dff22ad454ead6a85c4f1eda73) Importer(815301076,1909f56bfc062723c751e8b465ee728b)  -> (artifact id: '9ad7fb1fbf0175a12666f5d8f471e3ec') in 0.021478 seconds 
  Import took 0.025912 seconds .

========================================================================
Received Import Request.
  Time since last request: 0.002266 seconds.
  path: Assets/Texture/52_t.png
  artifactKey: Guid(69e207dff22ad454ead6a85c4f1eda73) Importer(815301076,1909f56bfc062723c751e8b465ee728b)
Start importing Assets/Texture/52_t.png using Guid(69e207dff22ad454ead6a85c4f1eda73) Importer(815301076,1909f56bfc062723c751e8b465ee728b)  -> (artifact id: '9ad7fb1fbf0175a12666f5d8f471e3ec') in 0.019509 seconds 
  Import took 0.024468 seconds .

========================================================================
Received Import Request.
  Time since last request: 1499.555820 seconds.
  path: Assets/Prefabs
  artifactKey: Guid(8a81c817c3b6c16499b0917fba4ab301) Importer(815301076,1909f56bfc062723c751e8b465ee728b)
Start importing Assets/Prefabs using Guid(8a81c817c3b6c16499b0917fba4ab301) Importer(815301076,1909f56bfc062723c751e8b465ee728b)  -> (artifact id: 'ce299b06865472f25ad05143e3b1fcf6') in 0.005636 seconds 
  Import took 0.018049 seconds .

========================================================================
Received Import Request.
  Time since last request: 6.873411 seconds.
  path: Assets/Prefabs/Items.prefab
  artifactKey: Guid(7caa622be36c2194fa93d389b72a46a4) Importer(815301076,1909f56bfc062723c751e8b465ee728b)
Start importing Assets/Prefabs/Items.prefab using Guid(7caa622be36c2194fa93d389b72a46a4) Importer(815301076,1909f56bfc062723c751e8b465ee728b)  -> (artifact id: '94effee96b8fdf15184343eef8ca737e') in 0.082287 seconds 
  Import took 0.092442 seconds .

========================================================================
Received Import Request.
  Time since last request: 872.247101 seconds.
  path: Assets
  artifactKey: Guid(00000000000000001000000000000000) Importer(815301076,1909f56bfc062723c751e8b465ee728b)
Start importing Assets using Guid(00000000000000001000000000000000) Importer(815301076,1909f56bfc062723c751e8b465ee728b)  -> (artifact id: '42d402b061de3733987d63b9cc3b64de') in 0.016513 seconds 
  Import took 0.030720 seconds .

========================================================================
Received Import Request.
  Time since last request: 13.557417 seconds.
  path: Assets/GameControl.cs
  artifactKey: Guid(bf115ce80ae985f42a566d9c04968472) Importer(815301076,1909f56bfc062723c751e8b465ee728b)
Start importing Assets/GameControl.cs using Guid(bf115ce80ae985f42a566d9c04968472) Importer(815301076,1909f56bfc062723c751e8b465ee728b)  -> (artifact id: '23b10b6bd4ca371ca187fd51993411b9') in 0.035213 seconds 
  Import took 0.046066 seconds .

========================================================================
Received Import Request.
  Time since last request: 0.024241 seconds.
  path: Assets/GameControl.cs
  artifactKey: Guid(bf115ce80ae985f42a566d9c04968472) Importer(815301076,1909f56bfc062723c751e8b465ee728b)
Start importing Assets/GameControl.cs using Guid(bf115ce80ae985f42a566d9c04968472) Importer(815301076,1909f56bfc062723c751e8b465ee728b)  -> (artifact id: '23b10b6bd4ca371ca187fd51993411b9') in 0.006740 seconds 
  Import took 0.020205 seconds .

========================================================================
Received Prepare
Registering precompiled user dll's ...
Registered in 0.024573 seconds.
Begin MonoManager ReloadAssembly
Native extension for WindowsStandalone target not found
Refreshing native plugins compatible for Editor in 0.64 ms, found 3 plugins.
Preloading 0 native plugins for Editor in 0.00 ms.
Mono: successfully reloaded assembly
- Completed reload, in  2.586 seconds
Platform modules already initialized, skipping
Switching build target platform(19) subTarget(0) extendedPlatform(0) -> platform(13) subTarget(537395200) extendedPlatform(0)
Refreshing native plugins compatible for Editor in 2.65 ms, found 3 plugins.
Preloading 0 native plugins for Editor in 0.00 ms.
Unloading 2115 Unused Serialized files (Serialized files now loaded: 0)
System memory in use before: 100.2 MB.
System memory in use after: 100.1 MB.

Unloading 22 unused Assets to reduce memory usage. Loaded Objects now: 2665.
Total: 5.713500 ms (FindLiveObjects: 0.442300 ms CreateObjectMapping: 0.196000 ms MarkObjects: 4.789100 ms  DeleteObjects: 0.283900 ms)

AssetImportParameters requested are different than current active one (requested -> active):
  custom:framework-win-MediaFoundation: 216162199b28c13a410421893ffa2e32 -> 
  custom:video-decoder-ogg-theora: a1e56fd34408186e4bbccfd4996cb3dc -> 
  custom:container-muxer-webm: aa71ff27fc2769a1b78a27578f13a17b -> 
  custom:container-demuxer-webm: 4f35f7cbe854078d1ac9338744f61a02 -> 
  custom:container-demuxer-ogg: 62fdf1f143b41e24485cea50d1cbac27 -> 
  custom:video-encoder-webm-vp8: eb34c28f22e8b96e1ab97ce403110664 -> 
  custom:video-decoder-webm-vp8: 9c59270c3fd7afecdb556c50c9e8de78 -> 
  custom:graphics/normal-map-encoding: 01000000000000000000000000000000 -> 02000000000000000000000000000000
  custom:audio-decoder-ogg-vorbis: bf7c407c2cedff20999df2af8eb42d56 -> 
  custom:audio-encoder-webm-vorbis: bf7c407c2cedff20999df2af8eb42d56 -> 
========================================================================
Received Import Request.
  Time since last request: 12.781476 seconds.
  path: Assets/Scripts
  artifactKey: Guid(e200cb1ea34d0d84fa8ca2c2fee62af0) Importer(815301076,1909f56bfc062723c751e8b465ee728b)
Start importing Assets/Scripts using Guid(e200cb1ea34d0d84fa8ca2c2fee62af0) Importer(815301076,1909f56bfc062723c751e8b465ee728b)  -> (artifact id: 'a8386324353bdc9d2980ad1e003a8ad6') in 0.019800 seconds 
  Import took 0.028882 seconds .

========================================================================
Received Prepare
Registering precompiled user dll's ...
Registered in 0.003833 seconds.
Begin MonoManager ReloadAssembly
Native extension for WindowsStandalone target not found
Refreshing native plugins compatible for Editor in 0.48 ms, found 3 plugins.
Preloading 0 native plugins for Editor in 0.00 ms.
Mono: successfully reloaded assembly
- Completed reload, in  1.472 seconds
Platform modules already initialized, skipping
Switching build target platform(19) subTarget(0) extendedPlatform(0) -> platform(13) subTarget(537395200) extendedPlatform(0)
Refreshing native plugins compatible for Editor in 0.53 ms, found 3 plugins.
Preloading 0 native plugins for Editor in 0.00 ms.
Unloading 2115 Unused Serialized files (Serialized files now loaded: 0)
System memory in use before: 100.2 MB.
System memory in use after: 100.2 MB.

Unloading 22 unused Assets to reduce memory usage. Loaded Objects now: 2669.
Total: 3.071400 ms (FindLiveObjects: 0.202400 ms CreateObjectMapping: 0.084600 ms MarkObjects: 2.648600 ms  DeleteObjects: 0.134900 ms)

AssetImportParameters requested are different than current active one (requested -> active):
  custom:framework-win-MediaFoundation: 216162199b28c13a410421893ffa2e32 -> 
  custom:video-decoder-ogg-theora: a1e56fd34408186e4bbccfd4996cb3dc -> 
  custom:container-muxer-webm: aa71ff27fc2769a1b78a27578f13a17b -> 
  custom:container-demuxer-webm: 4f35f7cbe854078d1ac9338744f61a02 -> 
  custom:container-demuxer-ogg: 62fdf1f143b41e24485cea50d1cbac27 -> 
  custom:video-encoder-webm-vp8: eb34c28f22e8b96e1ab97ce403110664 -> 
  custom:video-decoder-webm-vp8: 9c59270c3fd7afecdb556c50c9e8de78 -> 
  custom:graphics/normal-map-encoding: 01000000000000000000000000000000 -> 02000000000000000000000000000000
  custom:audio-decoder-ogg-vorbis: bf7c407c2cedff20999df2af8eb42d56 -> 
  custom:audio-encoder-webm-vorbis: bf7c407c2cedff20999df2af8eb42d56 -> 
========================================================================
Received Prepare
Registering precompiled user dll's ...
Registered in 0.003776 seconds.
Begin MonoManager ReloadAssembly
Native extension for WindowsStandalone target not found
Refreshing native plugins compatible for Editor in 0.47 ms, found 3 plugins.
Preloading 0 native plugins for Editor in 0.00 ms.
Mono: successfully reloaded assembly
- Completed reload, in  1.200 seconds
Platform modules already initialized, skipping
Switching build target platform(19) subTarget(0) extendedPlatform(0) -> platform(13) subTarget(537395200) extendedPlatform(0)
Refreshing native plugins compatible for Editor in 0.49 ms, found 3 plugins.
Preloading 0 native plugins for Editor in 0.00 ms.
Unloading 2115 Unused Serialized files (Serialized files now loaded: 0)
System memory in use before: 100.2 MB.
System memory in use after: 100.2 MB.

Unloading 22 unused Assets to reduce memory usage. Loaded Objects now: 2673.
Total: 2.727800 ms (FindLiveObjects: 0.266600 ms CreateObjectMapping: 0.103200 ms MarkObjects: 2.229700 ms  DeleteObjects: 0.127300 ms)

AssetImportParameters requested are different than current active one (requested -> active):
  custom:framework-win-MediaFoundation: 216162199b28c13a410421893ffa2e32 -> 
  custom:video-decoder-ogg-theora: a1e56fd34408186e4bbccfd4996cb3dc -> 
  custom:container-muxer-webm: aa71ff27fc2769a1b78a27578f13a17b -> 
  custom:container-demuxer-webm: 4f35f7cbe854078d1ac9338744f61a02 -> 
  custom:container-demuxer-ogg: 62fdf1f143b41e24485cea50d1cbac27 -> 
  custom:video-encoder-webm-vp8: eb34c28f22e8b96e1ab97ce403110664 -> 
  custom:video-decoder-webm-vp8: 9c59270c3fd7afecdb556c50c9e8de78 -> 
  custom:graphics/normal-map-encoding: 01000000000000000000000000000000 -> 02000000000000000000000000000000
  custom:audio-decoder-ogg-vorbis: bf7c407c2cedff20999df2af8eb42d56 -> 
  custom:audio-encoder-webm-vorbis: bf7c407c2cedff20999df2af8eb42d56 -> 
========================================================================
Received Prepare
Registering precompiled user dll's ...
Registered in 0.004568 seconds.
Begin MonoManager ReloadAssembly
Native extension for WindowsStandalone target not found
Refreshing native plugins compatible for Editor in 0.47 ms, found 3 plugins.
Preloading 0 native plugins for Editor in 0.00 ms.
Mono: successfully reloaded assembly
- Completed reload, in  1.189 seconds
Platform modules already initialized, skipping
Switching build target platform(19) subTarget(0) extendedPlatform(0) -> platform(13) subTarget(537395200) extendedPlatform(0)
Refreshing native plugins compatible for Editor in 0.48 ms, found 3 plugins.
Preloading 0 native plugins for Editor in 0.00 ms.
Unloading 2115 Unused Serialized files (Serialized files now loaded: 0)
System memory in use before: 100.2 MB.
System memory in use after: 100.1 MB.

Unloading 22 unused Assets to reduce memory usage. Loaded Objects now: 2677.
Total: 3.319300 ms (FindLiveObjects: 0.272200 ms CreateObjectMapping: 0.097300 ms MarkObjects: 2.798500 ms  DeleteObjects: 0.150000 ms)

AssetImportParameters requested are different than current active one (requested -> active):
  custom:framework-win-MediaFoundation: 216162199b28c13a410421893ffa2e32 -> 
  custom:video-decoder-ogg-theora: a1e56fd34408186e4bbccfd4996cb3dc -> 
  custom:container-muxer-webm: aa71ff27fc2769a1b78a27578f13a17b -> 
  custom:container-demuxer-webm: 4f35f7cbe854078d1ac9338744f61a02 -> 
  custom:container-demuxer-ogg: 62fdf1f143b41e24485cea50d1cbac27 -> 
  custom:video-encoder-webm-vp8: eb34c28f22e8b96e1ab97ce403110664 -> 
  custom:video-decoder-webm-vp8: 9c59270c3fd7afecdb556c50c9e8de78 -> 
  custom:graphics/normal-map-encoding: 01000000000000000000000000000000 -> 02000000000000000000000000000000
  custom:audio-decoder-ogg-vorbis: bf7c407c2cedff20999df2af8eb42d56 -> 
  custom:audio-encoder-webm-vorbis: bf7c407c2cedff20999df2af8eb42d56 -> 
========================================================================
Received Prepare
Registering precompiled user dll's ...
Registered in 0.003511 seconds.
Begin MonoManager ReloadAssembly
Native extension for WindowsStandalone target not found
Refreshing native plugins compatible for Editor in 0.48 ms, found 3 plugins.
Preloading 0 native plugins for Editor in 0.00 ms.
Mono: successfully reloaded assembly
- Completed reload, in  1.147 seconds
Platform modules already initialized, skipping
Switching build target platform(19) subTarget(0) extendedPlatform(0) -> platform(13) subTarget(537395200) extendedPlatform(0)
Refreshing native plugins compatible for Editor in 0.48 ms, found 3 plugins.
Preloading 0 native plugins for Editor in 0.00 ms.
Unloading 2128 Unused Serialized files (Serialized files now loaded: 0)
System memory in use before: 102.2 MB.
System memory in use after: 101.5 MB.

Unloading 35 unused Assets to reduce memory usage. Loaded Objects now: 2681.
Total: 3.072600 ms (FindLiveObjects: 0.236200 ms CreateObjectMapping: 0.078400 ms MarkObjects: 2.348500 ms  DeleteObjects: 0.408300 ms)

AssetImportParameters requested are different than current active one (requested -> active):
  custom:framework-win-MediaFoundation: 216162199b28c13a410421893ffa2e32 -> 
  custom:video-decoder-ogg-theora: a1e56fd34408186e4bbccfd4996cb3dc -> 
  custom:container-muxer-webm: aa71ff27fc2769a1b78a27578f13a17b -> 
  custom:container-demuxer-webm: 4f35f7cbe854078d1ac9338744f61a02 -> 
  custom:container-demuxer-ogg: 62fdf1f143b41e24485cea50d1cbac27 -> 
  custom:video-encoder-webm-vp8: eb34c28f22e8b96e1ab97ce403110664 -> 
  custom:video-decoder-webm-vp8: 9c59270c3fd7afecdb556c50c9e8de78 -> 
  custom:graphics/normal-map-encoding: 01000000000000000000000000000000 -> 02000000000000000000000000000000
  custom:audio-decoder-ogg-vorbis: bf7c407c2cedff20999df2af8eb42d56 -> 
  custom:audio-encoder-webm-vorbis: bf7c407c2cedff20999df2af8eb42d56 -> 
AssetImportWorkerClient::OnTransportError - code=2 error=End of file
